---------------------------------------------------------------
[ 2019-01-12T13:33:59+08:00 ] 10.0.2.2 POST /admin.php/user/publics/signin.html
[ info ] zg.tshop.com/admin.php/user/publics/signin.html [运行时间：1.110057s][吞吐率：0.90req/s] [内存消耗：982.69kb] [文件加载：75]
[ info ] [ LANG ] /data/httpd/tshop/thinkphp/lang/zh-cn.php
[ info ] [ ROUTE ] array (
  'type' => 'module',
  'module' => 
  array (
    0 => 'user',
    1 => 'publics',
    2 => 'signin',
  ),
)
[ info ] [ HEADER ] array (
  'host' => 'zg.tshop.com',
  'connection' => 'keep-alive',
  'content-length' => '30',
  'accept' => '*/*',
  'origin' => 'http://zg.tshop.com',
  'x-requested-with' => 'XMLHttpRequest',
  'user-agent' => 'Mozilla/5.0 (Macintosh; Intel Mac OS X 10_12_5) AppleWebKit/537.36 (KHTML, like Gecko) Chrome/71.0.3578.98 Safari/537.36',
  'content-type' => 'application/x-www-form-urlencoded; charset=UTF-8',
  'referer' => 'http://zg.tshop.com/admin.php/user/publics/signin.html',
  'accept-encoding' => 'gzip, deflate',
  'accept-language' => 'zh-CN,zh;q=0.9,en;q=0.8',
  'cookie' => 'ibhid=g4trhvpm4ku3k4i7vcq04suf45; PHPSESSID=arp72p3ptceri4msa9i1d3jce6; dolphin_home___forward__=%2Fadmin.php%2Fshop%2Fitem%2Findex.html',
)
[ info ] [ PARAM ] array (
  'username' => 'admin',
  'password' => '123456',
)
[ info ] [ CACHE ] INIT File
[ info ] [ BEHAVIOR ] Run app\common\behavior\Config @app_begin [ RunTime:0.046308s ]
[ info ] [ BEHAVIOR ] Run app\common\behavior\Hook @app_begin [ RunTime:0.092341s ]
[ info ] [ RUN ] app\user\admin\Publics->signin[ /data/httpd/tshop/application/user/admin/Publics.php ]
[ info ] [ DB ] INIT mysql
[ info ] [ SESSION ] INIT array (
  'id' => '',
  'var_session_id' => '',
  'prefix' => 'dolphin_admin_',
  'type' => '',
  'auto_start' => true,
)
[ info ] [ LOG ] INIT File
[ sql ] [ DB ] CONNECT:[ UseTime:0.007488s ] mysql:host=127.0.0.1;port=3306;dbname=tshop;charset=utf8
[ sql ] [ SQL ] SHOW COLUMNS FROM `dp_admin_user` [ RunTime:0.002239s ]
[ sql ] [ SQL ] SELECT * FROM `dp_admin_user` WHERE  `username` = 'admin'  AND `status` = 1 LIMIT 1 [ RunTime:0.005949s ]
[ sql ] [ SQL ] SHOW COLUMNS FROM `dp_admin_role` [ RunTime:0.001392s ]
[ sql ] [ SQL ] SELECT `access` FROM `dp_admin_role` WHERE  `id` = 1 LIMIT 1 [ RunTime:0.002381s ]
[ sql ] [ SQL ] UPDATE `dp_admin_user`  SET `last_login_time`=1547271238,`update_time`=1547271239  WHERE  `id` = 1 [ RunTime:0.012633s ]
[ sql ] [ SQL ] SELECT * FROM `dp_admin_user` WHERE  `id` = 1 LIMIT 1 [ RunTime:0.000968s ]
[ sql ] [ SQL ] SELECT `name` FROM `dp_admin_role` WHERE  `id` = 1 LIMIT 1 [ RunTime:0.000810s ]
[ sql ] [ SQL ] SHOW COLUMNS FROM `dp_admin_action` [ RunTime:0.001537s ]
[ sql ] [ SQL ] SELECT * FROM `dp_admin_action` WHERE  `module` = 'user'  AND `name` = 'user_signin' LIMIT 1 [ RunTime:0.001623s ]
[ sql ] [ SQL ] SELECT `nickname` FROM `dp_admin_user` WHERE  `id` = 1 LIMIT 1 [ RunTime:0.000378s ]
[ sql ] [ SQL ] SHOW COLUMNS FROM `dp_admin_log` [ RunTime:0.004866s ]
[ sql ] [ SQL ] INSERT INTO `dp_admin_log` (`action_id` , `user_id` , `action_ip` , `model` , `record_id` , `create_time` , `remark`) VALUES (101 , 1 , 167772674 , 'admin_user' , 1 , 1547271238 , '分中心超级管理员 登录了系统') [ RunTime:0.011371s ]
---------------------------------------------------------------
[ 2019-01-12T13:34:01+08:00 ] 10.0.2.2 GET /admin.php/admin/index/index.html
[ info ] zg.tshop.com/admin.php/admin/index/index.html [运行时间：0.730934s][吞吐率：1.37req/s] [内存消耗：937.49kb] [文件加载：74]
[ info ] [ LANG ] /data/httpd/tshop/thinkphp/lang/zh-cn.php
[ info ] [ ROUTE ] array (
  'type' => 'module',
  'module' => 
  array (
    0 => 'admin',
    1 => 'index',
    2 => 'index',
  ),
)
[ info ] [ HEADER ] array (
  'host' => 'zg.tshop.com',
  'connection' => 'keep-alive',
  'upgrade-insecure-requests' => '1',
  'user-agent' => 'Mozilla/5.0 (Macintosh; Intel Mac OS X 10_12_5) AppleWebKit/537.36 (KHTML, like Gecko) Chrome/71.0.3578.98 Safari/537.36',
  'accept' => 'text/html,application/xhtml+xml,application/xml;q=0.9,image/webp,image/apng,*/*;q=0.8',
  'referer' => 'http://zg.tshop.com/admin.php/user/publics/signin.html',
  'accept-encoding' => 'gzip, deflate',
  'accept-language' => 'zh-CN,zh;q=0.9,en;q=0.8',
  'cookie' => 'ibhid=g4trhvpm4ku3k4i7vcq04suf45; PHPSESSID=arp72p3ptceri4msa9i1d3jce6; dolphin_home___forward__=%2Fadmin.php%2Fshop%2Fitem%2Findex.html',
  'content-type' => '',
  'content-length' => '',
)
[ info ] [ PARAM ] array (
)
[ info ] [ CACHE ] INIT File
[ info ] [ BEHAVIOR ] Run app\common\behavior\Config @app_begin [ RunTime:0.025651s ]
[ info ] [ BEHAVIOR ] Run app\common\behavior\Hook @app_begin [ RunTime:0.034085s ]
[ info ] [ SESSION ] INIT array (
  'id' => '',
  'var_session_id' => '',
  'prefix' => 'dolphin_admin_',
  'type' => '',
  'auto_start' => true,
)
[ info ] [ DB ] INIT mysql
[ info ] [ RUN ] app\admin\controller\Index->index[ /data/httpd/tshop/application/admin/controller/Index.php ]
[ info ] [ LOG ] INIT File
[ sql ] [ DB ] CONNECT:[ UseTime:0.004449s ] mysql:host=127.0.0.1;port=3306;dbname=tshop;charset=utf8
[ sql ] [ SQL ] SHOW COLUMNS FROM `dp_admin_role` [ RunTime:0.001251s ]
[ sql ] [ SQL ] SELECT `menu_auth` FROM `dp_admin_role` WHERE  `id` = 1 LIMIT 1 [ RunTime:0.001137s ]
[ sql ] [ SQL ] SHOW COLUMNS FROM `dp_admin_menu` [ RunTime:0.001570s ]
[ sql ] [ SQL ] SELECT `id`,`url_value` FROM `dp_admin_menu` WHERE  `id` = 0 [ RunTime:0.000428s ]
[ sql ] [ SQL ] SELECT `id`,`pid`,`module`,`title`,`url_value`,`url_type`,`url_target`,`icon`,`params` FROM `dp_admin_menu` WHERE  `online_hide` = 0  AND `status` = 1  AND `pid` = 0 ORDER BY sort,id LIMIT 10 [ RunTime:0.003505s ]
[ sql ] [ SQL ] SELECT `id`,`pid`,`module`,`title`,`url_value`,`url_type`,`url_target`,`icon`,`params` FROM `dp_admin_menu` WHERE  `online_hide` = 0  AND `status` = 1  AND `pid` = 0 ORDER BY sort,id [ RunTime:0.001600s ]
[ sql ] [ SQL ] SELECT `id` FROM `dp_admin_menu` WHERE  `pid` <> 0  AND `url_value` = 'admin/log/index' LIMIT 1 [ RunTime:0.000882s ]
[ sql ] [ SQL ] SELECT `id`,`pid`,`title`,`url_value` FROM `dp_admin_menu` [ RunTime:0.000914s ]
[ sql ] [ SQL ] SELECT `id`,`pid`,`module`,`title`,`url_value`,`url_type`,`url_target`,`icon`,`params` FROM `dp_admin_menu` WHERE  `status` = 1  AND `module` = 'admin'  AND `online_hide` = 0 ORDER BY sort,id [ RunTime:0.002340s ]
[ sql ] [ SQL ] SHOW COLUMNS FROM `dp_admin_config` [ RunTime:0.001361s ]
[ sql ] [ SQL ] SELECT `value` FROM `dp_admin_config` WHERE  `id` = 1 LIMIT 1 [ RunTime:0.001700s ]
---------------------------------------------------------------
[ 2019-01-12T13:34:02+08:00 ] 10.0.2.2 GET /admin.php/admin/log/index.html
[ info ] zg.tshop.com/admin.php/admin/log/index.html [运行时间：1.177498s][吞吐率：0.85req/s] [内存消耗：1,551.70kb] [文件加载：81]
[ info ] [ LANG ] /data/httpd/tshop/thinkphp/lang/zh-cn.php
[ info ] [ ROUTE ] array (
  'type' => 'module',
  'module' => 
  array (
    0 => 'admin',
    1 => 'log',
    2 => 'index',
  ),
)
[ info ] [ HEADER ] array (
  'host' => 'zg.tshop.com',
  'connection' => 'keep-alive',
  'upgrade-insecure-requests' => '1',
  'user-agent' => 'Mozilla/5.0 (Macintosh; Intel Mac OS X 10_12_5) AppleWebKit/537.36 (KHTML, like Gecko) Chrome/71.0.3578.98 Safari/537.36',
  'accept' => 'text/html,application/xhtml+xml,application/xml;q=0.9,image/webp,image/apng,*/*;q=0.8',
  'referer' => 'http://zg.tshop.com/admin.php/user/publics/signin.html',
  'accept-encoding' => 'gzip, deflate',
  'accept-language' => 'zh-CN,zh;q=0.9,en;q=0.8',
  'cookie' => 'ibhid=g4trhvpm4ku3k4i7vcq04suf45; PHPSESSID=arp72p3ptceri4msa9i1d3jce6; dolphin_home___forward__=%2Fadmin.php%2Fshop%2Fitem%2Findex.html',
  'content-type' => '',
  'content-length' => '',
)
[ info ] [ PARAM ] array (
)
[ info ] [ CACHE ] INIT File
[ info ] [ BEHAVIOR ] Run app\common\behavior\Config @app_begin [ RunTime:0.019852s ]
[ info ] [ BEHAVIOR ] Run app\common\behavior\Hook @app_begin [ RunTime:0.034295s ]
[ info ] [ SESSION ] INIT array (
  'id' => '',
  'var_session_id' => '',
  'prefix' => 'dolphin_admin_',
  'type' => '',
  'auto_start' => true,
)
[ info ] [ DB ] INIT mysql
[ info ] [ RUN ] app\admin\controller\Log->index[ /data/httpd/tshop/application/admin/controller/Log.php ]
[ info ] [ VIEW ] /data/httpd/tshop/public/../application/common/builder/table/layout.html [ array (
  0 => '_admin_base_layout',
  1 => 'system_color',
  2 => '_pop',
  3 => '_module',
  4 => '_top_menus',
  5 => '_top_menus_all',
  6 => '_sidebar_menus',
  7 => '_location',
  8 => 'aside',
  9 => 'page_title',
  10 => 'page_tips',
  11 => 'tips_type',
  12 => 'tab_nav',
  13 => 'hide_checkbox',
  14 => 'extra_html',
  15 => 'extra_js',
  16 => 'extra_css',
  17 => 'order_columns',
  18 => 'filter_columns',
  19 => 'filter_map',
  20 => '_field_display',
  21 => '_filter_content',
  22 => '_filter',
  23 => 'top_buttons',
  24 => 'right_buttons',
  25 => 'search',
  26 => 'search_button',
  27 => 'columns',
  28 => 'pages',
  29 => 'row_list',
  30 => '_page_info',
  31 => 'primary_key',
  32 => '_table',
  33 => 'js_list',
  34 => 'css_list',
  35 => 'validate',
  36 => '_js_files',
  37 => '_css_files',
  38 => '_select_list',
  39 => '_filter_time',
  40 => 'empty_tips',
  41 => '_search_area',
  42 => '_search_area_url',
  43 => '_search_area_op',
) ]
[ info ] [ LOG ] INIT File
[ sql ] [ DB ] CONNECT:[ UseTime:0.002953s ] mysql:host=127.0.0.1;port=3306;dbname=tshop;charset=utf8
[ sql ] [ SQL ] SHOW COLUMNS FROM `dp_admin_role` [ RunTime:0.000476s ]
[ sql ] [ SQL ] SELECT `menu_auth` FROM `dp_admin_role` WHERE  `id` = 1 LIMIT 1 [ RunTime:0.000682s ]
[ sql ] [ SQL ] SHOW COLUMNS FROM `dp_admin_menu` [ RunTime:0.002117s ]
[ sql ] [ SQL ] SELECT `id`,`url_value` FROM `dp_admin_menu` WHERE  `id` = 0 [ RunTime:0.000268s ]
[ sql ] [ SQL ] SELECT `id`,`pid`,`module`,`title`,`url_value`,`url_type`,`url_target`,`icon`,`params` FROM `dp_admin_menu` WHERE  `online_hide` = 0  AND `status` = 1  AND `pid` = 0 ORDER BY sort,id LIMIT 10 [ RunTime:0.000905s ]
[ sql ] [ SQL ] SELECT `id`,`pid`,`module`,`title`,`url_value`,`url_type`,`url_target`,`icon`,`params` FROM `dp_admin_menu` WHERE  `online_hide` = 0  AND `status` = 1  AND `pid` = 0 ORDER BY sort,id [ RunTime:0.000486s ]
[ sql ] [ SQL ] SELECT `id`,`pid`,`module`,`title`,`url_value`,`url_type`,`url_target`,`icon`,`params` FROM `dp_admin_menu` WHERE  `status` = 1  AND `module` = 'admin'  AND `online_hide` = 0 ORDER BY sort,id [ RunTime:0.002037s ]
[ sql ] [ SQL ] SHOW COLUMNS FROM `dp_admin_config` [ RunTime:0.000969s ]
[ sql ] [ SQL ] SELECT `value` FROM `dp_admin_config` WHERE  `id` = 1 LIMIT 1 [ RunTime:0.000478s ]
[ sql ] [ SQL ] SHOW COLUMNS FROM `dp_admin_log` [ RunTime:0.000830s ]
[ sql ] [ SQL ] SELECT COUNT(*) AS tp_count FROM `dp_admin_log` `admin_log` LEFT JOIN `dp_admin_action` `admin_action` ON `admin_action`.`id`=`admin_log`.`action_id` LEFT JOIN `dp_admin_user` `admin_user` ON `admin_user`.`id`=`admin_log`.`user_id` INNER JOIN `dp_admin_module` `admin_module` ON `admin_module`.`name`=`admin_action`.`module` LIMIT 1 [ RunTime:0.016912s ]
[ sql ] [ SQL ] SELECT `admin_log`.*,`admin_action`.`title`,`admin_action`.`module`,`admin_user`.`username`,`admin_module`.`title` AS `module_title` FROM `dp_admin_log` `admin_log` LEFT JOIN `dp_admin_action` `admin_action` ON `admin_action`.`id`=`admin_log`.`action_id` LEFT JOIN `dp_admin_user` `admin_user` ON `admin_user`.`id`=`admin_log`.`user_id` INNER JOIN `dp_admin_module` `admin_module` ON `admin_module`.`name`=`admin_action`.`module` ORDER BY admin_log.id desc LIMIT 0,20 [ RunTime:0.009688s ]
[ sql ] [ SQL ] SELECT * FROM `dp_admin_menu` WHERE  `url_value` = 'admin/log/edit' LIMIT 1 [ RunTime:0.000650s ]
[ sql ] [ SQL ] SHOW COLUMNS FROM `dp_admin_user` [ RunTime:0.002315s ]
[ sql ] [ SQL ] SELECT `avatar` FROM `dp_admin_user` WHERE  `id` = 1 LIMIT 1 [ RunTime:0.000955s ]
[ sql ] [ SQL ] SHOW COLUMNS FROM `dp_admin_attachment` [ RunTime:0.002086s ]
[ sql ] [ SQL ] SELECT * FROM `dp_admin_attachment` WHERE  `id` = 4 LIMIT 1 [ RunTime:0.002770s ]
[ sql ] [ SQL ] SELECT * FROM `dp_admin_attachment` WHERE  `id` = 3 LIMIT 1 [ RunTime:0.002539s ]
[ sql ] [ SQL ] SELECT `avatar` FROM `dp_admin_user` WHERE  `id` = 1 LIMIT 1 [ RunTime:0.000374s ]
[ sql ] [ SQL ] SELECT * FROM `dp_admin_attachment` WHERE  `id` = 4 LIMIT 1 [ RunTime:0.004009s ]
---------------------------------------------------------------
[ 2019-01-12T13:34:06+08:00 ] 10.0.2.2 POST /admin.php/admin/ajax/getsidebarmenu.html
[ info ] zg.tshop.com/admin.php/admin/ajax/getsidebarmenu.html [运行时间：0.388870s][吞吐率：2.57req/s] [内存消耗：979.42kb] [文件加载：70]
[ info ] [ LANG ] /data/httpd/tshop/thinkphp/lang/zh-cn.php
[ info ] [ ROUTE ] array (
  'type' => 'module',
  'module' => 
  array (
    0 => 'admin',
    1 => 'ajax',
    2 => 'getsidebarmenu',
  ),
)
[ info ] [ HEADER ] array (
  'host' => 'zg.tshop.com',
  'connection' => 'keep-alive',
  'content-length' => '40',
  'accept' => '*/*',
  'origin' => 'http://zg.tshop.com',
  'x-requested-with' => 'XMLHttpRequest',
  'user-agent' => 'Mozilla/5.0 (Macintosh; Intel Mac OS X 10_12_5) AppleWebKit/537.36 (KHTML, like Gecko) Chrome/71.0.3578.98 Safari/537.36',
  'content-type' => 'application/x-www-form-urlencoded; charset=UTF-8',
  'referer' => 'http://zg.tshop.com/admin.php/admin/log/index.html',
  'accept-encoding' => 'gzip, deflate',
  'accept-language' => 'zh-CN,zh;q=0.9,en;q=0.8',
  'cookie' => 'ibhid=g4trhvpm4ku3k4i7vcq04suf45; PHPSESSID=arp72p3ptceri4msa9i1d3jce6; dolphin_home___forward__=%2Fadmin.php%2Fshop%2Fitem%2Findex.html',
)
[ info ] [ PARAM ] array (
  'module_id' => '214',
  'module' => 'cms',
  'controller' => 'page',
)
[ info ] [ CACHE ] INIT File
[ info ] [ BEHAVIOR ] Run app\common\behavior\Config @app_begin [ RunTime:0.019134s ]
[ info ] [ BEHAVIOR ] Run app\common\behavior\Hook @app_begin [ RunTime:0.035161s ]
[ info ] [ RUN ] app\admin\controller\Ajax->getSidebarMenu[ /data/httpd/tshop/application/admin/controller/Ajax.php ]
[ info ] [ DB ] INIT mysql
[ info ] [ SESSION ] INIT array (
  'id' => '',
  'var_session_id' => '',
  'prefix' => 'dolphin_admin_',
  'type' => '',
  'auto_start' => true,
)
[ info ] [ LOG ] INIT File
[ sql ] [ DB ] CONNECT:[ UseTime:0.006172s ] mysql:host=127.0.0.1;port=3306;dbname=tshop;charset=utf8
[ sql ] [ SQL ] SHOW COLUMNS FROM `dp_admin_role` [ RunTime:0.004185s ]
[ sql ] [ SQL ] SELECT `menu_auth` FROM `dp_admin_role` WHERE  `id` = 1 LIMIT 1 [ RunTime:0.000513s ]
[ sql ] [ SQL ] SHOW COLUMNS FROM `dp_admin_menu` [ RunTime:0.000793s ]
[ sql ] [ SQL ] SELECT `id`,`url_value` FROM `dp_admin_menu` WHERE  `id` = 0 [ RunTime:0.000244s ]
[ sql ] [ SQL ] SELECT `id`,`pid`,`title`,`url_value` FROM `dp_admin_menu` [ RunTime:0.001336s ]
[ sql ] [ SQL ] SELECT `id`,`pid`,`module`,`title`,`url_value`,`url_type`,`url_target`,`icon`,`params` FROM `dp_admin_menu` WHERE  `status` = 1  AND `module` = 'cms'  AND `online_hide` = 0 ORDER BY sort,id [ RunTime:0.004873s ]
---------------------------------------------------------------
[ 2019-01-12T13:34:07+08:00 ] 10.0.2.2 GET /admin.php/cms/page/index.html
[ info ] zg.tshop.com/admin.php/cms/page/index.html [运行时间：0.787738s][吞吐率：1.27req/s] [内存消耗：1,623.83kb] [文件加载：83]
[ info ] [ LANG ] /data/httpd/tshop/thinkphp/lang/zh-cn.php
[ info ] [ ROUTE ] array (
  'type' => 'module',
  'module' => 
  array (
    0 => 'cms',
    1 => 'page',
    2 => 'index',
  ),
)
[ info ] [ HEADER ] array (
  'host' => 'zg.tshop.com',
  'connection' => 'keep-alive',
  'upgrade-insecure-requests' => '1',
  'user-agent' => 'Mozilla/5.0 (Macintosh; Intel Mac OS X 10_12_5) AppleWebKit/537.36 (KHTML, like Gecko) Chrome/71.0.3578.98 Safari/537.36',
  'accept' => 'text/html,application/xhtml+xml,application/xml;q=0.9,image/webp,image/apng,*/*;q=0.8',
  'referer' => 'http://zg.tshop.com/admin.php/admin/log/index.html',
  'accept-encoding' => 'gzip, deflate',
  'accept-language' => 'zh-CN,zh;q=0.9,en;q=0.8',
  'cookie' => 'ibhid=g4trhvpm4ku3k4i7vcq04suf45; PHPSESSID=arp72p3ptceri4msa9i1d3jce6; dolphin_home___forward__=%2Fadmin.php%2Fshop%2Fitem%2Findex.html',
  'content-type' => '',
  'content-length' => '',
)
[ info ] [ PARAM ] array (
)
[ info ] [ CACHE ] INIT File
[ info ] [ BEHAVIOR ] Run app\common\behavior\Config @app_begin [ RunTime:0.022794s ]
[ info ] [ BEHAVIOR ] Run app\common\behavior\Hook @app_begin [ RunTime:0.029203s ]
[ info ] [ SESSION ] INIT array (
  'id' => '',
  'var_session_id' => '',
  'prefix' => 'dolphin_admin_',
  'type' => '',
  'auto_start' => true,
)
[ info ] [ DB ] INIT mysql
[ info ] [ RUN ] app\cms\admin\Page->index[ /data/httpd/tshop/application/cms/admin/Page.php ]
[ info ] [ VIEW ] /data/httpd/tshop/public/../application/common/builder/table/layout.html [ array (
  0 => '_admin_base_layout',
  1 => 'system_color',
  2 => '_pop',
  3 => '_module',
  4 => '_top_menus',
  5 => '_top_menus_all',
  6 => '_sidebar_menus',
  7 => '_location',
  8 => 'aside',
  9 => 'page_title',
  10 => 'page_tips',
  11 => 'tips_type',
  12 => 'tab_nav',
  13 => 'hide_checkbox',
  14 => 'extra_html',
  15 => 'extra_js',
  16 => 'extra_css',
  17 => 'order_columns',
  18 => 'filter_columns',
  19 => 'filter_map',
  20 => '_field_display',
  21 => '_filter_content',
  22 => '_filter',
  23 => 'top_buttons',
  24 => 'right_buttons',
  25 => 'search',
  26 => 'search_button',
  27 => 'columns',
  28 => 'pages',
  29 => 'row_list',
  30 => '_page_info',
  31 => 'primary_key',
  32 => '_table',
  33 => 'js_list',
  34 => 'css_list',
  35 => 'validate',
  36 => '_js_files',
  37 => '_css_files',
  38 => '_select_list',
  39 => '_filter_time',
  40 => 'empty_tips',
  41 => '_search_area',
  42 => '_search_area_url',
  43 => '_search_area_op',
  44 => 'validate_fields',
) ]
[ info ] [ LOG ] INIT File
[ sql ] [ DB ] CONNECT:[ UseTime:0.004771s ] mysql:host=127.0.0.1;port=3306;dbname=tshop;charset=utf8
[ sql ] [ SQL ] SHOW COLUMNS FROM `dp_admin_role` [ RunTime:0.003319s ]
[ sql ] [ SQL ] SELECT `menu_auth` FROM `dp_admin_role` WHERE  `id` = 1 LIMIT 1 [ RunTime:0.001538s ]
[ sql ] [ SQL ] SHOW COLUMNS FROM `dp_admin_menu` [ RunTime:0.000873s ]
[ sql ] [ SQL ] SELECT `id`,`url_value` FROM `dp_admin_menu` WHERE  `id` = 0 [ RunTime:0.000338s ]
[ sql ] [ SQL ] SELECT `id`,`pid`,`module`,`title`,`url_value`,`url_type`,`url_target`,`icon`,`params` FROM `dp_admin_menu` WHERE  `online_hide` = 0  AND `status` = 1  AND `pid` = 0 ORDER BY sort,id LIMIT 10 [ RunTime:0.001079s ]
[ sql ] [ SQL ] SELECT `id`,`pid`,`module`,`title`,`url_value`,`url_type`,`url_target`,`icon`,`params` FROM `dp_admin_menu` WHERE  `online_hide` = 0  AND `status` = 1  AND `pid` = 0 ORDER BY sort,id [ RunTime:0.000703s ]
[ sql ] [ SQL ] SELECT `id` FROM `dp_admin_menu` WHERE  `pid` <> 0  AND `url_value` = 'cms/page/index' LIMIT 1 [ RunTime:0.000606s ]
[ sql ] [ SQL ] SELECT `id`,`pid`,`title`,`url_value` FROM `dp_admin_menu` [ RunTime:0.000629s ]
[ sql ] [ SQL ] SHOW COLUMNS FROM `dp_admin_config` [ RunTime:0.001552s ]
[ sql ] [ SQL ] SELECT `value` FROM `dp_admin_config` WHERE  `id` = 1 LIMIT 1 [ RunTime:0.000284s ]
[ sql ] [ SQL ] SHOW COLUMNS FROM `dp_cms_page` [ RunTime:0.023611s ]
[ sql ] [ SQL ] SELECT COUNT(*) AS tp_count FROM `dp_cms_page` LIMIT 1 [ RunTime:0.001118s ]
[ sql ] [ SQL ] SELECT * FROM `dp_cms_page` LIMIT 0,20 [ RunTime:0.003685s ]
[ sql ] [ SQL ] SHOW COLUMNS FROM `dp_member` [ RunTime:0.015241s ]
[ sql ] [ SQL ] SELECT `id`,`nickname` FROM `dp_member` WHERE  `type` = 1 [ RunTime:0.002875s ]
[ sql ] [ SQL ] SELECT * FROM `dp_admin_menu` WHERE  `url_value` = 'cms/page/add' LIMIT 1 [ RunTime:0.000651s ]
[ sql ] [ SQL ] SELECT * FROM `dp_admin_menu` WHERE  `url_value` = 'cms/page/enable' LIMIT 1 [ RunTime:0.001375s ]
[ sql ] [ SQL ] SELECT * FROM `dp_admin_menu` WHERE  `url_value` = 'cms/page/disable' LIMIT 1 [ RunTime:0.000790s ]
[ sql ] [ SQL ] SELECT * FROM `dp_admin_menu` WHERE  `url_value` = 'cms/page/delete' LIMIT 1 [ RunTime:0.000382s ]
[ sql ] [ SQL ] SELECT * FROM `dp_admin_menu` WHERE  `url_value` = 'cms/page/edit' LIMIT 1 [ RunTime:0.000349s ]
[ sql ] [ SQL ] SELECT * FROM `dp_admin_menu` WHERE  `url_value` = 'cms/page/delete' LIMIT 1 [ RunTime:0.000375s ]
[ sql ] [ SQL ] SHOW COLUMNS FROM `dp_admin_user` [ RunTime:0.007081s ]
[ sql ] [ SQL ] SELECT `avatar` FROM `dp_admin_user` WHERE  `id` = 1 LIMIT 1 [ RunTime:0.000282s ]
[ sql ] [ SQL ] SHOW COLUMNS FROM `dp_admin_attachment` [ RunTime:0.002185s ]
[ sql ] [ SQL ] SELECT * FROM `dp_admin_attachment` WHERE  `id` = 4 LIMIT 1 [ RunTime:0.000417s ]
[ sql ] [ SQL ] SELECT * FROM `dp_admin_attachment` WHERE  `id` = 3 LIMIT 1 [ RunTime:0.000954s ]
[ sql ] [ SQL ] SELECT `avatar` FROM `dp_admin_user` WHERE  `id` = 1 LIMIT 1 [ RunTime:0.000460s ]
[ sql ] [ SQL ] SELECT * FROM `dp_admin_attachment` WHERE  `id` = 4 LIMIT 1 [ RunTime:0.000404s ]
